<?xml version="1.0" encoding="UTF-8"?>
<!-- Generated by org.testng.reporters.JUnitReportReporter -->
<testsuite hostname="DESKTOP-E83PQSV" failures="0" tests="1" name="testCases.FBLoginTest" time="70.388" errors="0" timestamp="2024-11-29T12:48:47 IST" skipped="0">
  <testcase classname="testCases.FBLoginTest" name="login" time="70.388"/>
</testsuite> <!-- testCases.FBLoginTest -->
